{"/Users/azeemchauhan/Downloads/Deel/Azeem-Take-Home-assigment/hometask-be-template-master/src/app.ts": {"path":"/Users/azeemchauhan/Downloads/Deel/Azeem-Take-Home-assigment/hometask-be-template-master/src/app.ts","statementMap":{"0":{"start":{"line":1,"column":0},"end":{"line":1,"column":43}},"1":{"start":{"line":2,"column":0},"end":{"line":2,"column":53}},"2":{"start":{"line":4,"column":0},"end":{"line":4,"column":60}},"3":{"start":{"line":5,"column":0},"end":{"line":5,"column":85}},"4":{"start":{"line":6,"column":0},"end":{"line":6,"column":53}},"5":{"start":{"line":9,"column":21},"end":{"line":9,"column":30}},"6":{"start":{"line":11,"column":0},"end":{"line":11,"column":24}},"7":{"start":{"line":13,"column":0},"end":{"line":13,"column":26}},"8":{"start":{"line":15,"column":0},"end":{"line":15,"column":54}},"9":{"start":{"line":16,"column":0},"end":{"line":16,"column":44}},"10":{"start":{"line":17,"column":0},"end":{"line":17,"column":51}},"11":{"start":{"line":18,"column":0},"end":{"line":18,"column":31}},"12":{"start":{"line":20,"column":0},"end":{"line":20,"column":22}},"13":{"start":{"line":22,"column":0},"end":{"line":22,"column":13}}},"fnMap":{},"branchMap":{},"s":{"0":1,"1":1,"2":1,"3":1,"4":1,"5":1,"6":1,"7":1,"8":1,"9":1,"10":1,"11":1,"12":1,"13":1},"f":{},"b":{}}
,"/Users/azeemchauhan/Downloads/Deel/Azeem-Take-Home-assigment/hometask-be-template-master/src/config/cache.ts": {"path":"/Users/azeemchauhan/Downloads/Deel/Azeem-Take-Home-assigment/hometask-be-template-master/src/config/cache.ts","statementMap":{"0":{"start":{"line":4,"column":0},"end":{"line":4,"column":35}},"1":{"start":{"line":6,"column":0},"end":{"line":6,"column":31}}},"fnMap":{},"branchMap":{},"s":{"0":1,"1":1},"f":{},"b":{}}
,"/Users/azeemchauhan/Downloads/Deel/Azeem-Take-Home-assigment/hometask-be-template-master/src/config/database.ts": {"path":"/Users/azeemchauhan/Downloads/Deel/Azeem-Take-Home-assigment/hometask-be-template-master/src/config/database.ts","statementMap":{"0":{"start":{"line":5,"column":0},"end":{"line":5,"column":38}},"1":{"start":{"line":10,"column":18},"end":{"line":10,"column":85}},"2":{"start":{"line":12,"column":0},"end":{"line":12,"column":null}}},"fnMap":{},"branchMap":{},"s":{"0":1,"1":1,"2":1},"f":{},"b":{}}
,"/Users/azeemchauhan/Downloads/Deel/Azeem-Take-Home-assigment/hometask-be-template-master/src/data/adminQueries.ts": {"path":"/Users/azeemchauhan/Downloads/Deel/Azeem-Take-Home-assigment/hometask-be-template-master/src/data/adminQueries.ts","statementMap":{"0":{"start":{"line":2,"column":0},"end":{"line":2,"column":72}},"1":{"start":{"line":3,"column":0},"end":{"line":3,"column":34}},"2":{"start":{"line":4,"column":0},"end":{"line":4,"column":55}},"3":{"start":{"line":5,"column":0},"end":{"line":5,"column":40}},"4":{"start":{"line":10,"column":26},"end":{"line":45,"column":null}},"5":{"start":{"line":10,"column":134},"end":{"line":45,"column":null}},"6":{"start":{"line":11,"column":19},"end":{"line":11,"column":53}},"7":{"start":{"line":12,"column":38},"end":{"line":12,"column":63}},"8":{"start":{"line":13,"column":2},"end":{"line":13,"column":74}},"9":{"start":{"line":13,"column":28},"end":{"line":13,"column":74}},"10":{"start":{"line":15,"column":17},"end":{"line":40,"column":15}},"11":{"start":{"line":42,"column":2},"end":{"line":42,"column":42}},"12":{"start":{"line":44,"column":2},"end":{"line":44,"column":41}},"13":{"start":{"line":94,"column":25},"end":{"line":94,"column":42}},"14":{"start":{"line":54,"column":23},"end":{"line":91,"column":2}},"15":{"start":{"line":54,"column":116},"end":{"line":91,"column":2}},"16":{"start":{"line":55,"column":19},"end":{"line":55,"column":53}},"17":{"start":{"line":56,"column":35},"end":{"line":56,"column":60}},"18":{"start":{"line":58,"column":2},"end":{"line":58,"column":66}},"19":{"start":{"line":58,"column":25},"end":{"line":58,"column":66}},"20":{"start":{"line":60,"column":18},"end":{"line":86,"column":15}},"21":{"start":{"line":88,"column":2},"end":{"line":88,"column":43}},"22":{"start":{"line":90,"column":2},"end":{"line":90,"column":33}},"23":{"start":{"line":94,"column":9},"end":{"line":94,"column":23}}},"fnMap":{"0":{"name":"(anonymous_8)","decl":{"start":{"line":10,"column":26},"end":{"line":10,"column":33}},"loc":{"start":{"line":10,"column":134},"end":{"line":45,"column":null}}},"1":{"name":"(anonymous_9)","decl":{"start":{"line":10,"column":134},"end":{"line":10,"column":null}},"loc":{"start":{"line":10,"column":98},"end":{"line":45,"column":1}}},"2":{"name":"(anonymous_10)","decl":{"start":{"line":54,"column":23},"end":{"line":54,"column":30}},"loc":{"start":{"line":54,"column":116},"end":{"line":91,"column":2}}},"3":{"name":"(anonymous_11)","decl":{"start":{"line":54,"column":116},"end":{"line":54,"column":null}},"loc":{"start":{"line":54,"column":116},"end":{"line":91,"column":1}}}},"branchMap":{"0":{"loc":{"start":{"line":10,"column":89},"end":{"line":10,"column":98}},"type":"default-arg","locations":[{"start":{"line":10,"column":97},"end":{"line":10,"column":98}}]},"1":{"loc":{"start":{"line":13,"column":2},"end":{"line":13,"column":74}},"type":"if","locations":[{"start":{"line":13,"column":2},"end":{"line":13,"column":74}}]},"2":{"loc":{"start":{"line":58,"column":2},"end":{"line":58,"column":66}},"type":"if","locations":[{"start":{"line":58,"column":2},"end":{"line":58,"column":66}}]}},"s":{"0":1,"1":1,"2":1,"3":1,"4":1,"5":0,"6":0,"7":0,"8":0,"9":0,"10":0,"11":0,"12":0,"13":1,"14":1,"15":0,"16":0,"17":0,"18":0,"19":0,"20":0,"21":0,"22":0,"23":1},"f":{"0":0,"1":0,"2":0,"3":0},"b":{"0":[0],"1":[0],"2":[0]}}
,"/Users/azeemchauhan/Downloads/Deel/Azeem-Take-Home-assigment/hometask-be-template-master/src/data/contractQueries.ts": {"path":"/Users/azeemchauhan/Downloads/Deel/Azeem-Take-Home-assigment/hometask-be-template-master/src/data/contractQueries.ts","statementMap":{"0":{"start":{"line":2,"column":0},"end":{"line":2,"column":34}},"1":{"start":{"line":3,"column":0},"end":{"line":3,"column":50}},"2":{"start":{"line":4,"column":0},"end":{"line":4,"column":40}},"3":{"start":{"line":14,"column":27},"end":{"line":36,"column":null}},"4":{"start":{"line":14,"column":117},"end":{"line":36,"column":null}},"5":{"start":{"line":15,"column":19},"end":{"line":15,"column":42}},"6":{"start":{"line":16,"column":36},"end":{"line":16,"column":61}},"7":{"start":{"line":17,"column":2},"end":{"line":17,"column":75}},"8":{"start":{"line":17,"column":26},"end":{"line":17,"column":75}},"9":{"start":{"line":19,"column":20},"end":{"line":31,"column":15}},"10":{"start":{"line":33,"column":3},"end":{"line":33,"column":46}},"11":{"start":{"line":35,"column":2},"end":{"line":35,"column":42}},"12":{"start":{"line":63,"column":9},"end":{"line":63,"column":27}},"13":{"start":{"line":39,"column":20},"end":{"line":61,"column":null}},"14":{"start":{"line":39,"column":128},"end":{"line":61,"column":null}},"15":{"start":{"line":40,"column":19},"end":{"line":40,"column":56}},"16":{"start":{"line":41,"column":32},"end":{"line":41,"column":57}},"17":{"start":{"line":42,"column":2},"end":{"line":42,"column":65}},"18":{"start":{"line":42,"column":22},"end":{"line":42,"column":65}},"19":{"start":{"line":44,"column":17},"end":{"line":56,"column":15}},"20":{"start":{"line":58,"column":2},"end":{"line":58,"column":42}},"21":{"start":{"line":60,"column":2},"end":{"line":60,"column":null}},"22":{"start":{"line":63,"column":29},"end":{"line":63,"column":40}}},"fnMap":{"0":{"name":"(anonymous_8)","decl":{"start":{"line":14,"column":27},"end":{"line":14,"column":34}},"loc":{"start":{"line":14,"column":117},"end":{"line":36,"column":null}}},"1":{"name":"(anonymous_9)","decl":{"start":{"line":14,"column":117},"end":{"line":14,"column":null}},"loc":{"start":{"line":14,"column":117},"end":{"line":36,"column":1}}},"2":{"name":"(anonymous_10)","decl":{"start":{"line":39,"column":20},"end":{"line":39,"column":27}},"loc":{"start":{"line":39,"column":128},"end":{"line":61,"column":null}}},"3":{"name":"(anonymous_11)","decl":{"start":{"line":39,"column":128},"end":{"line":39,"column":null}},"loc":{"start":{"line":39,"column":128},"end":{"line":61,"column":1}}}},"branchMap":{"0":{"loc":{"start":{"line":17,"column":2},"end":{"line":17,"column":75}},"type":"if","locations":[{"start":{"line":17,"column":2},"end":{"line":17,"column":75}}]},"1":{"loc":{"start":{"line":42,"column":2},"end":{"line":42,"column":65}},"type":"if","locations":[{"start":{"line":42,"column":2},"end":{"line":42,"column":65}}]}},"s":{"0":1,"1":1,"2":1,"3":1,"4":0,"5":0,"6":0,"7":0,"8":0,"9":0,"10":0,"11":0,"12":1,"13":1,"14":0,"15":0,"16":0,"17":0,"18":0,"19":0,"20":0,"21":0,"22":1},"f":{"0":0,"1":0,"2":0,"3":0},"b":{"0":[0],"1":[0]}}
,"/Users/azeemchauhan/Downloads/Deel/Azeem-Take-Home-assigment/hometask-be-template-master/src/data/jobQueries.ts": {"path":"/Users/azeemchauhan/Downloads/Deel/Azeem-Take-Home-assigment/hometask-be-template-master/src/data/jobQueries.ts","statementMap":{"0":{"start":{"line":2,"column":0},"end":{"line":2,"column":72}},"1":{"start":{"line":3,"column":0},"end":{"line":3,"column":34}},"2":{"start":{"line":4,"column":0},"end":{"line":4,"column":55}},"3":{"start":{"line":5,"column":0},"end":{"line":5,"column":40}},"4":{"start":{"line":13,"column":19},"end":{"line":38,"column":2}},"5":{"start":{"line":13,"column":67},"end":{"line":38,"column":2}},"6":{"start":{"line":14,"column":19},"end":{"line":14,"column":29}},"7":{"start":{"line":15,"column":27},"end":{"line":15,"column":52}},"8":{"start":{"line":16,"column":2},"end":{"line":16,"column":51}},"9":{"start":{"line":16,"column":17},"end":{"line":16,"column":51}},"10":{"start":{"line":18,"column":17},"end":{"line":33,"column":15}},"11":{"start":{"line":35,"column":2},"end":{"line":35,"column":42}},"12":{"start":{"line":37,"column":2},"end":{"line":37,"column":33}},"13":{"start":{"line":79,"column":9},"end":{"line":79,"column":19}},"14":{"start":{"line":49,"column":25},"end":{"line":75,"column":2}},"15":{"start":{"line":49,"column":117},"end":{"line":75,"column":2}},"16":{"start":{"line":50,"column":19},"end":{"line":50,"column":42}},"17":{"start":{"line":51,"column":34},"end":{"line":51,"column":59}},"18":{"start":{"line":52,"column":2},"end":{"line":52,"column":73}},"19":{"start":{"line":52,"column":24},"end":{"line":52,"column":73}},"20":{"start":{"line":54,"column":21},"end":{"line":72,"column":15}},"21":{"start":{"line":74,"column":2},"end":{"line":74,"column":45}},"22":{"start":{"line":79,"column":21},"end":{"line":79,"column":37}}},"fnMap":{"0":{"name":"(anonymous_8)","decl":{"start":{"line":13,"column":19},"end":{"line":13,"column":26}},"loc":{"start":{"line":13,"column":67},"end":{"line":38,"column":2}}},"1":{"name":"(anonymous_9)","decl":{"start":{"line":13,"column":67},"end":{"line":13,"column":null}},"loc":{"start":{"line":13,"column":67},"end":{"line":38,"column":1}}},"2":{"name":"(anonymous_10)","decl":{"start":{"line":49,"column":25},"end":{"line":49,"column":32}},"loc":{"start":{"line":49,"column":117},"end":{"line":75,"column":2}}},"3":{"name":"(anonymous_11)","decl":{"start":{"line":49,"column":117},"end":{"line":49,"column":null}},"loc":{"start":{"line":49,"column":117},"end":{"line":75,"column":1}}}},"branchMap":{"0":{"loc":{"start":{"line":16,"column":2},"end":{"line":16,"column":51}},"type":"if","locations":[{"start":{"line":16,"column":2},"end":{"line":16,"column":51}}]},"1":{"loc":{"start":{"line":52,"column":2},"end":{"line":52,"column":73}},"type":"if","locations":[{"start":{"line":52,"column":2},"end":{"line":52,"column":73}}]}},"s":{"0":1,"1":1,"2":1,"3":1,"4":1,"5":0,"6":0,"7":0,"8":0,"9":0,"10":0,"11":0,"12":0,"13":1,"14":1,"15":0,"16":0,"17":0,"18":0,"19":0,"20":0,"21":0,"22":1},"f":{"0":0,"1":0,"2":0,"3":0},"b":{"0":[0],"1":[0]}}
,"/Users/azeemchauhan/Downloads/Deel/Azeem-Take-Home-assigment/hometask-be-template-master/src/data/paymentQueries.ts": {"path":"/Users/azeemchauhan/Downloads/Deel/Azeem-Take-Home-assigment/hometask-be-template-master/src/data/paymentQueries.ts","statementMap":{"0":{"start":{"line":2,"column":0},"end":{"line":2,"column":34}},"1":{"start":{"line":3,"column":0},"end":{"line":3,"column":34}},"2":{"start":{"line":4,"column":0},"end":{"line":4,"column":55}},"3":{"start":{"line":5,"column":0},"end":{"line":5,"column":43}},"4":{"start":{"line":12,"column":23},"end":{"line":53,"column":2}},"5":{"start":{"line":12,"column":67},"end":{"line":53,"column":2}},"6":{"start":{"line":13,"column":2},"end":{"line":51,"column":5}},"7":{"start":{"line":13,"column":33},"end":{"line":51,"column":4}},"8":{"start":{"line":15,"column":26},"end":{"line":20,"column":6}},"9":{"start":{"line":23,"column":32},"end":{"line":31,"column":50}},"10":{"start":{"line":33,"column":20},"end":{"line":33,"column":42}},"11":{"start":{"line":34,"column":27},"end":{"line":34,"column":54}},"12":{"start":{"line":36,"column":4},"end":{"line":36,"column":92}},"13":{"start":{"line":36,"column":18},"end":{"line":36,"column":92}},"14":{"start":{"line":37,"column":4},"end":{"line":37,"column":94}},"15":{"start":{"line":37,"column":27},"end":{"line":37,"column":94}},"16":{"start":{"line":40,"column":30},"end":{"line":40,"column":67}},"17":{"start":{"line":41,"column":4},"end":{"line":41,"column":134}},"18":{"start":{"line":41,"column":36},"end":{"line":41,"column":134}},"19":{"start":{"line":44,"column":4},"end":{"line":50,"column":6}},"20":{"start":{"line":58,"column":9},"end":{"line":58,"column":23}}},"fnMap":{"0":{"name":"(anonymous_8)","decl":{"start":{"line":12,"column":23},"end":{"line":12,"column":30}},"loc":{"start":{"line":12,"column":67},"end":{"line":53,"column":2}}},"1":{"name":"(anonymous_9)","decl":{"start":{"line":12,"column":67},"end":{"line":12,"column":null}},"loc":{"start":{"line":12,"column":67},"end":{"line":53,"column":1}}},"2":{"name":"(anonymous_10)","decl":{"start":{"line":13,"column":23},"end":{"line":13,"column":29}},"loc":{"start":{"line":13,"column":33},"end":{"line":51,"column":4}}},"3":{"name":"(anonymous_11)","decl":{"start":{"line":13,"column":33},"end":{"line":13,"column":null}},"loc":{"start":{"line":13,"column":33},"end":{"line":51,"column":3}}}},"branchMap":{"0":{"loc":{"start":{"line":33,"column":20},"end":{"line":33,"column":42}},"type":"cond-expr","locations":[{"start":{"line":33,"column":33},"end":{"line":33,"column":35}},{"start":{"line":33,"column":20},"end":{"line":33,"column":42}}]},"1":{"loc":{"start":{"line":33,"column":20},"end":{"line":33,"column":35}},"type":"binary-expr","locations":[{"start":{"line":33,"column":20},"end":{"line":33,"column":35}},{"start":{"line":33,"column":20},"end":{"line":33,"column":35}}]},"2":{"loc":{"start":{"line":34,"column":27},"end":{"line":34,"column":54}},"type":"cond-expr","locations":[{"start":{"line":34,"column":46},"end":{"line":34,"column":48}},{"start":{"line":34,"column":27},"end":{"line":34,"column":54}}]},"3":{"loc":{"start":{"line":34,"column":27},"end":{"line":34,"column":48}},"type":"binary-expr","locations":[{"start":{"line":34,"column":27},"end":{"line":34,"column":48}},{"start":{"line":34,"column":27},"end":{"line":34,"column":48}}]},"4":{"loc":{"start":{"line":36,"column":4},"end":{"line":36,"column":92}},"type":"if","locations":[{"start":{"line":36,"column":4},"end":{"line":36,"column":92}}]},"5":{"loc":{"start":{"line":37,"column":4},"end":{"line":37,"column":94}},"type":"if","locations":[{"start":{"line":37,"column":4},"end":{"line":37,"column":94}}]},"6":{"loc":{"start":{"line":41,"column":4},"end":{"line":41,"column":134}},"type":"if","locations":[{"start":{"line":41,"column":4},"end":{"line":41,"column":134}}]}},"s":{"0":1,"1":1,"2":1,"3":1,"4":1,"5":0,"6":0,"7":0,"8":0,"9":0,"10":0,"11":0,"12":0,"13":0,"14":0,"15":0,"16":0,"17":0,"18":0,"19":0,"20":1},"f":{"0":0,"1":0,"2":0,"3":0},"b":{"0":[0,0],"1":[0,0],"2":[0,0],"3":[0,0],"4":[0],"5":[0],"6":[0]}}
,"/Users/azeemchauhan/Downloads/Deel/Azeem-Take-Home-assigment/hometask-be-template-master/src/data/profileQueries.ts": {"path":"/Users/azeemchauhan/Downloads/Deel/Azeem-Take-Home-assigment/hometask-be-template-master/src/data/profileQueries.ts","statementMap":{"0":{"start":{"line":2,"column":0},"end":{"line":2,"column":72}},"1":{"start":{"line":3,"column":0},"end":{"line":3,"column":34}},"2":{"start":{"line":4,"column":0},"end":{"line":4,"column":55}},"3":{"start":{"line":5,"column":0},"end":{"line":5,"column":43}},"4":{"start":{"line":6,"column":0},"end":{"line":6,"column":40}},"5":{"start":{"line":13,"column":23},"end":{"line":27,"column":2}},"6":{"start":{"line":13,"column":75},"end":{"line":27,"column":2}},"7":{"start":{"line":14,"column":19},"end":{"line":14,"column":30}},"8":{"start":{"line":15,"column":31},"end":{"line":15,"column":56}},"9":{"start":{"line":16,"column":2},"end":{"line":16,"column":62}},"10":{"start":{"line":16,"column":21},"end":{"line":16,"column":62}},"11":{"start":{"line":18,"column":17},"end":{"line":22,"column":15}},"12":{"start":{"line":24,"column":2},"end":{"line":24,"column":42}},"13":{"start":{"line":26,"column":2},"end":{"line":26,"column":null}},"14":{"start":{"line":68,"column":9},"end":{"line":68,"column":23}},"15":{"start":{"line":29,"column":28},"end":{"line":63,"column":2}},"16":{"start":{"line":29,"column":94},"end":{"line":63,"column":2}},"17":{"start":{"line":30,"column":2},"end":{"line":61,"column":5}},"18":{"start":{"line":30,"column":33},"end":{"line":61,"column":4}},"19":{"start":{"line":33,"column":26},"end":{"line":38,"column":6}},"20":{"start":{"line":39,"column":26},"end":{"line":39,"column":48}},"21":{"start":{"line":41,"column":4},"end":{"line":41,"column":98}},"22":{"start":{"line":41,"column":24},"end":{"line":41,"column":98}},"23":{"start":{"line":42,"column":4},"end":{"line":42,"column":100}},"24":{"start":{"line":42,"column":33},"end":{"line":42,"column":100}},"25":{"start":{"line":45,"column":4},"end":{"line":51,"column":6}},"26":{"start":{"line":54,"column":4},"end":{"line":60,"column":6}},"27":{"start":{"line":68,"column":25},"end":{"line":68,"column":44}}},"fnMap":{"0":{"name":"(anonymous_8)","decl":{"start":{"line":13,"column":23},"end":{"line":13,"column":30}},"loc":{"start":{"line":13,"column":75},"end":{"line":27,"column":2}}},"1":{"name":"(anonymous_9)","decl":{"start":{"line":13,"column":75},"end":{"line":13,"column":null}},"loc":{"start":{"line":13,"column":75},"end":{"line":27,"column":1}}},"2":{"name":"(anonymous_10)","decl":{"start":{"line":29,"column":28},"end":{"line":29,"column":35}},"loc":{"start":{"line":29,"column":94},"end":{"line":63,"column":2}}},"3":{"name":"(anonymous_11)","decl":{"start":{"line":29,"column":94},"end":{"line":29,"column":null}},"loc":{"start":{"line":29,"column":94},"end":{"line":63,"column":1}}},"4":{"name":"(anonymous_12)","decl":{"start":{"line":30,"column":23},"end":{"line":30,"column":29}},"loc":{"start":{"line":30,"column":33},"end":{"line":61,"column":4}}},"5":{"name":"(anonymous_13)","decl":{"start":{"line":30,"column":33},"end":{"line":30,"column":null}},"loc":{"start":{"line":30,"column":33},"end":{"line":61,"column":3}}}},"branchMap":{"0":{"loc":{"start":{"line":16,"column":2},"end":{"line":16,"column":62}},"type":"if","locations":[{"start":{"line":16,"column":2},"end":{"line":16,"column":62}}]},"1":{"loc":{"start":{"line":39,"column":26},"end":{"line":39,"column":48}},"type":"cond-expr","locations":[{"start":{"line":39,"column":39},"end":{"line":39,"column":41}},{"start":{"line":39,"column":26},"end":{"line":39,"column":48}}]},"2":{"loc":{"start":{"line":39,"column":26},"end":{"line":39,"column":41}},"type":"binary-expr","locations":[{"start":{"line":39,"column":26},"end":{"line":39,"column":41}},{"start":{"line":39,"column":26},"end":{"line":39,"column":41}}]},"3":{"loc":{"start":{"line":41,"column":4},"end":{"line":41,"column":98}},"type":"if","locations":[{"start":{"line":41,"column":4},"end":{"line":41,"column":98}}]},"4":{"loc":{"start":{"line":42,"column":4},"end":{"line":42,"column":100}},"type":"if","locations":[{"start":{"line":42,"column":4},"end":{"line":42,"column":100}}]}},"s":{"0":1,"1":1,"2":1,"3":1,"4":1,"5":1,"6":0,"7":0,"8":0,"9":0,"10":0,"11":0,"12":0,"13":0,"14":1,"15":1,"16":0,"17":0,"18":0,"19":0,"20":0,"21":0,"22":0,"23":0,"24":0,"25":0,"26":0,"27":1},"f":{"0":0,"1":0,"2":0,"3":0,"4":0,"5":0},"b":{"0":[0],"1":[0,0],"2":[0,0],"3":[0],"4":[0]}}
,"/Users/azeemchauhan/Downloads/Deel/Azeem-Take-Home-assigment/hometask-be-template-master/src/middlewares/addUserProfile.ts": {"path":"/Users/azeemchauhan/Downloads/Deel/Azeem-Take-Home-assigment/hometask-be-template-master/src/middlewares/addUserProfile.ts","statementMap":{"0":{"start":{"line":2,"column":0},"end":{"line":2,"column":40}},"1":{"start":{"line":3,"column":0},"end":{"line":3,"column":40}},"2":{"start":{"line":8,"column":23},"end":{"line":25,"column":null}},"3":{"start":{"line":8,"column":90},"end":{"line":25,"column":null}},"4":{"start":{"line":9,"column":22},"end":{"line":9,"column":54}},"5":{"start":{"line":10,"column":22},"end":{"line":10,"column":48}},"6":{"start":{"line":12,"column":4},"end":{"line":15,"column":5}},"7":{"start":{"line":13,"column":8},"end":{"line":13,"column":74}},"8":{"start":{"line":14,"column":8},"end":{"line":14,"column":69}},"9":{"start":{"line":17,"column":4},"end":{"line":19,"column":5}},"10":{"start":{"line":18,"column":8},"end":{"line":18,"column":null}},"11":{"start":{"line":22,"column":4},"end":{"line":22,"column":null}},"12":{"start":{"line":24,"column":4},"end":{"line":24,"column":null}},"13":{"start":{"line":28,"column":9},"end":{"line":28,"column":23}}},"fnMap":{"0":{"name":"(anonymous_8)","decl":{"start":{"line":8,"column":23},"end":{"line":8,"column":30}},"loc":{"start":{"line":8,"column":90},"end":{"line":25,"column":null}}},"1":{"name":"(anonymous_9)","decl":{"start":{"line":8,"column":90},"end":{"line":8,"column":null}},"loc":{"start":{"line":8,"column":90},"end":{"line":25,"column":1}}}},"branchMap":{"0":{"loc":{"start":{"line":9,"column":22},"end":{"line":9,"column":54}},"type":"binary-expr","locations":[{"start":{"line":9,"column":22},"end":{"line":9,"column":47}},{"start":{"line":9,"column":51},"end":{"line":9,"column":54}}]},"1":{"loc":{"start":{"line":12,"column":4},"end":{"line":15,"column":5}},"type":"if","locations":[{"start":{"line":12,"column":4},"end":{"line":15,"column":5}}]},"2":{"loc":{"start":{"line":14,"column":8},"end":{"line":14,"column":68}},"type":"binary-expr","locations":[{"start":{"line":14,"column":8},"end":{"line":14,"column":19}},{"start":{"line":14,"column":23},"end":{"line":14,"column":68}}]},"3":{"loc":{"start":{"line":17,"column":4},"end":{"line":19,"column":5}},"type":"if","locations":[{"start":{"line":17,"column":4},"end":{"line":19,"column":5}}]}},"s":{"0":1,"1":1,"2":1,"3":0,"4":0,"5":0,"6":0,"7":0,"8":0,"9":0,"10":0,"11":0,"12":0,"13":1},"f":{"0":0,"1":0},"b":{"0":[0,0],"1":[0],"2":[0,0],"3":[0]}}
,"/Users/azeemchauhan/Downloads/Deel/Azeem-Take-Home-assigment/hometask-be-template-master/src/middlewares/errorHandler.ts": {"path":"/Users/azeemchauhan/Downloads/Deel/Azeem-Take-Home-assigment/hometask-be-template-master/src/middlewares/errorHandler.ts","statementMap":{"0":{"start":{"line":2,"column":0},"end":{"line":2,"column":43}},"1":{"start":{"line":3,"column":0},"end":{"line":3,"column":35}},"2":{"start":{"line":8,"column":21},"end":{"line":31,"column":1}},"3":{"start":{"line":9,"column":2},"end":{"line":9,"column":26}},"4":{"start":{"line":11,"column":19},"end":{"line":11,"column":40}},"5":{"start":{"line":12,"column":16},"end":{"line":12,"column":54}},"6":{"start":{"line":14,"column":2},"end":{"line":23,"column":3}},"7":{"start":{"line":15,"column":4},"end":{"line":15,"column":21}},"8":{"start":{"line":16,"column":4},"end":{"line":16,"column":33}},"9":{"start":{"line":17,"column":9},"end":{"line":23,"column":3}},"10":{"start":{"line":18,"column":4},"end":{"line":18,"column":21}},"11":{"start":{"line":19,"column":4},"end":{"line":19,"column":43}},"12":{"start":{"line":20,"column":9},"end":{"line":23,"column":3}},"13":{"start":{"line":21,"column":4},"end":{"line":21,"column":32}},"14":{"start":{"line":22,"column":4},"end":{"line":22,"column":91}},"15":{"start":{"line":25,"column":2},"end":{"line":30,"column":null}},"16":{"start":{"line":33,"column":0},"end":{"line":33,"column":28}}},"fnMap":{"0":{"name":"(anonymous_1)","decl":{"start":{"line":8,"column":21},"end":{"line":8,"column":22}},"loc":{"start":{"line":8,"column":97},"end":{"line":31,"column":1}}}},"branchMap":{"0":{"loc":{"start":{"line":11,"column":19},"end":{"line":11,"column":40}},"type":"binary-expr","locations":[{"start":{"line":11,"column":19},"end":{"line":11,"column":33}},{"start":{"line":11,"column":37},"end":{"line":11,"column":40}}]},"1":{"loc":{"start":{"line":12,"column":16},"end":{"line":12,"column":54}},"type":"binary-expr","locations":[{"start":{"line":12,"column":16},"end":{"line":12,"column":27}},{"start":{"line":12,"column":31},"end":{"line":12,"column":54}}]},"2":{"loc":{"start":{"line":14,"column":2},"end":{"line":23,"column":3}},"type":"if","locations":[{"start":{"line":14,"column":2},"end":{"line":23,"column":3}},{"start":{"line":17,"column":9},"end":{"line":23,"column":3}}]},"3":{"loc":{"start":{"line":17,"column":9},"end":{"line":23,"column":3}},"type":"if","locations":[{"start":{"line":17,"column":9},"end":{"line":23,"column":3}},{"start":{"line":20,"column":9},"end":{"line":23,"column":3}}]},"4":{"loc":{"start":{"line":20,"column":9},"end":{"line":23,"column":3}},"type":"if","locations":[{"start":{"line":20,"column":9},"end":{"line":23,"column":3}}]},"5":{"loc":{"start":{"line":22,"column":14},"end":{"line":22,"column":90}},"type":"cond-expr","locations":[{"start":{"line":22,"column":54},"end":{"line":22,"column":76}},{"start":{"line":22,"column":79},"end":{"line":22,"column":90}}]}},"s":{"0":1,"1":1,"2":1,"3":0,"4":0,"5":0,"6":0,"7":0,"8":0,"9":0,"10":0,"11":0,"12":0,"13":0,"14":0,"15":0,"16":1},"f":{"0":0},"b":{"0":[0,0],"1":[0,0],"2":[0,0],"3":[0,0],"4":[0],"5":[0,0]}}
,"/Users/azeemchauhan/Downloads/Deel/Azeem-Take-Home-assigment/hometask-be-template-master/src/models/index.ts": {"path":"/Users/azeemchauhan/Downloads/Deel/Azeem-Take-Home-assigment/hometask-be-template-master/src/models/index.ts","statementMap":{"0":{"start":{"line":1,"column":0},"end":{"line":1,"column":7}},"1":{"start":{"line":15,"column":9},"end":{"line":1,"column":37}},"2":{"start":{"line":2,"column":0},"end":{"line":2,"column":7}},"3":{"start":{"line":15,"column":28},"end":{"line":2,"column":30}},"4":{"start":{"line":3,"column":0},"end":{"line":3,"column":7}},"5":{"start":{"line":15,"column":18},"end":{"line":3,"column":40}},"6":{"start":{"line":6,"column":0},"end":{"line":6,"column":72}},"7":{"start":{"line":7,"column":0},"end":{"line":7,"column":66}},"8":{"start":{"line":9,"column":0},"end":{"line":9,"column":48}},"9":{"start":{"line":10,"column":0},"end":{"line":10,"column":44}},"10":{"start":{"line":12,"column":0},"end":{"line":12,"column":22}},"11":{"start":{"line":13,"column":0},"end":{"line":13,"column":24}}},"fnMap":{},"branchMap":{},"s":{"0":1,"1":1,"2":1,"3":1,"4":1,"5":1,"6":1,"7":1,"8":1,"9":1,"10":1,"11":1},"f":{},"b":{}}
,"/Users/azeemchauhan/Downloads/Deel/Azeem-Take-Home-assigment/hometask-be-template-master/src/models/contract/index.ts": {"path":"/Users/azeemchauhan/Downloads/Deel/Azeem-Take-Home-assigment/hometask-be-template-master/src/models/contract/index.ts","statementMap":{"0":{"start":{"line":1,"column":0},"end":{"line":1,"column":58}},"1":{"start":{"line":2,"column":0},"end":{"line":2,"column":34}},"2":{"start":{"line":13,"column":17},"end":{"line":21,"column":20}},"3":{"start":{"line":24,"column":0},"end":{"line":24,"column":24}}},"fnMap":{},"branchMap":{},"s":{"0":1,"1":1,"2":1,"3":1},"f":{},"b":{}}
,"/Users/azeemchauhan/Downloads/Deel/Azeem-Take-Home-assigment/hometask-be-template-master/src/models/job/index.ts": {"path":"/Users/azeemchauhan/Downloads/Deel/Azeem-Take-Home-assigment/hometask-be-template-master/src/models/job/index.ts","statementMap":{"0":{"start":{"line":2,"column":0},"end":{"line":2,"column":58}},"1":{"start":{"line":3,"column":0},"end":{"line":3,"column":34}},"2":{"start":{"line":16,"column":12},"end":{"line":32,"column":15}},"3":{"start":{"line":35,"column":0},"end":{"line":35,"column":19}}},"fnMap":{},"branchMap":{},"s":{"0":1,"1":1,"2":1,"3":1},"f":{},"b":{}}
,"/Users/azeemchauhan/Downloads/Deel/Azeem-Take-Home-assigment/hometask-be-template-master/src/models/profile/index.ts": {"path":"/Users/azeemchauhan/Downloads/Deel/Azeem-Take-Home-assigment/hometask-be-template-master/src/models/profile/index.ts","statementMap":{"0":{"start":{"line":1,"column":0},"end":{"line":1,"column":58}},"1":{"start":{"line":2,"column":0},"end":{"line":2,"column":34}},"2":{"start":{"line":22,"column":16},"end":{"line":41,"column":19}},"3":{"start":{"line":43,"column":0},"end":{"line":43,"column":23}}},"fnMap":{},"branchMap":{},"s":{"0":1,"1":1,"2":1,"3":1},"f":{},"b":{}}
,"/Users/azeemchauhan/Downloads/Deel/Azeem-Take-Home-assigment/hometask-be-template-master/src/routes/index.ts": {"path":"/Users/azeemchauhan/Downloads/Deel/Azeem-Take-Home-assigment/hometask-be-template-master/src/routes/index.ts","statementMap":{"0":{"start":{"line":1,"column":0},"end":{"line":1,"column":7}},"1":{"start":{"line":7,"column":9},"end":{"line":1,"column":46}},"2":{"start":{"line":2,"column":0},"end":{"line":2,"column":7}},"3":{"start":{"line":7,"column":38},"end":{"line":2,"column":36}},"4":{"start":{"line":3,"column":0},"end":{"line":3,"column":7}},"5":{"start":{"line":7,"column":25},"end":{"line":3,"column":40}},"6":{"start":{"line":4,"column":0},"end":{"line":4,"column":7}},"7":{"start":{"line":7,"column":49},"end":{"line":4,"column":44}}},"fnMap":{},"branchMap":{},"s":{"0":1,"1":1,"2":1,"3":1,"4":1,"5":1,"6":1,"7":1},"f":{},"b":{}}
,"/Users/azeemchauhan/Downloads/Deel/Azeem-Take-Home-assigment/hometask-be-template-master/src/routes/admin/index.ts": {"path":"/Users/azeemchauhan/Downloads/Deel/Azeem-Take-Home-assigment/hometask-be-template-master/src/routes/admin/index.ts","statementMap":{"0":{"start":{"line":4,"column":0},"end":{"line":4,"column":53}},"1":{"start":{"line":6,"column":0},"end":{"line":6,"column":71}},"2":{"start":{"line":7,"column":0},"end":{"line":7,"column":46}},"3":{"start":{"line":8,"column":0},"end":{"line":8,"column":78}},"4":{"start":{"line":10,"column":15},"end":{"line":10,"column":52}},"5":{"start":{"line":12,"column":33},"end":{"line":12,"column":89}},"6":{"start":{"line":13,"column":29},"end":{"line":13,"column":116}},"7":{"start":{"line":19,"column":0},"end":{"line":28,"column":3}},"8":{"start":{"line":19,"column":104},"end":{"line":28,"column":2}},"9":{"start":{"line":20,"column":20},"end":{"line":20,"column":54}},"10":{"start":{"line":21,"column":18},"end":{"line":21,"column":50}},"11":{"start":{"line":22,"column":16},"end":{"line":22,"column":17}},"12":{"start":{"line":24,"column":17},"end":{"line":24,"column":67}},"13":{"start":{"line":25,"column":25},"end":{"line":25,"column":56}},"14":{"start":{"line":27,"column":2},"end":{"line":27,"column":44}},"15":{"start":{"line":34,"column":0},"end":{"line":50,"column":3}},"16":{"start":{"line":34,"column":97},"end":{"line":50,"column":2}},"17":{"start":{"line":35,"column":20},"end":{"line":35,"column":54}},"18":{"start":{"line":36,"column":18},"end":{"line":36,"column":50}},"19":{"start":{"line":37,"column":17},"end":{"line":37,"column":42}},"20":{"start":{"line":39,"column":28},"end":{"line":39,"column":75}},"21":{"start":{"line":41,"column":22},"end":{"line":47,"column":5}},"22":{"start":{"line":42,"column":4},"end":{"line":46,"column":null}},"23":{"start":{"line":49,"column":2},"end":{"line":49,"column":41}},"24":{"start":{"line":53,"column":0},"end":{"line":53,"column":22}}},"fnMap":{"0":{"name":"(anonymous_8)","decl":{"start":{"line":19,"column":57},"end":{"line":19,"column":64}},"loc":{"start":{"line":19,"column":104},"end":{"line":28,"column":2}}},"1":{"name":"(anonymous_9)","decl":{"start":{"line":19,"column":104},"end":{"line":19,"column":null}},"loc":{"start":{"line":19,"column":104},"end":{"line":28,"column":1}}},"2":{"name":"(anonymous_10)","decl":{"start":{"line":34,"column":50},"end":{"line":34,"column":57}},"loc":{"start":{"line":34,"column":97},"end":{"line":50,"column":2}}},"3":{"name":"(anonymous_11)","decl":{"start":{"line":34,"column":97},"end":{"line":34,"column":null}},"loc":{"start":{"line":34,"column":97},"end":{"line":50,"column":1}}},"4":{"name":"(anonymous_12)","decl":{"start":{"line":41,"column":45},"end":{"line":41,"column":51}},"loc":{"start":{"line":41,"column":54},"end":{"line":47,"column":3}}}},"branchMap":{"0":{"loc":{"start":{"line":25,"column":25},"end":{"line":25,"column":56}},"type":"binary-expr","locations":[{"start":{"line":25,"column":25},"end":{"line":25,"column":31}},{"start":{"line":25,"column":35},"end":{"line":25,"column":56}}]},"1":{"loc":{"start":{"line":37,"column":17},"end":{"line":37,"column":42}},"type":"binary-expr","locations":[{"start":{"line":37,"column":17},"end":{"line":37,"column":37}},{"start":{"line":37,"column":41},"end":{"line":37,"column":42}}]}},"s":{"0":1,"1":1,"2":1,"3":1,"4":1,"5":1,"6":1,"7":1,"8":0,"9":0,"10":0,"11":0,"12":0,"13":0,"14":0,"15":1,"16":0,"17":0,"18":0,"19":0,"20":0,"21":0,"22":0,"23":0,"24":1},"f":{"0":0,"1":0,"2":0,"3":0,"4":0},"b":{"0":[0,0],"1":[0,0]}}
,"/Users/azeemchauhan/Downloads/Deel/Azeem-Take-Home-assigment/hometask-be-template-master/src/routes/contract/index.ts": {"path":"/Users/azeemchauhan/Downloads/Deel/Azeem-Take-Home-assigment/hometask-be-template-master/src/routes/contract/index.ts","statementMap":{"0":{"start":{"line":4,"column":0},"end":{"line":4,"column":53}},"1":{"start":{"line":5,"column":0},"end":{"line":5,"column":43}},"2":{"start":{"line":6,"column":0},"end":{"line":6,"column":72}},"3":{"start":{"line":7,"column":0},"end":{"line":7,"column":58}},"4":{"start":{"line":9,"column":15},"end":{"line":9,"column":52}},"5":{"start":{"line":15,"column":0},"end":{"line":22,"column":3}},"6":{"start":{"line":15,"column":63},"end":{"line":22,"column":2}},"7":{"start":{"line":16,"column":22},"end":{"line":16,"column":42}},"8":{"start":{"line":17,"column":19},"end":{"line":17,"column":73}},"9":{"start":{"line":19,"column":20},"end":{"line":19,"column":70}},"10":{"start":{"line":21,"column":2},"end":{"line":21,"column":27}},"11":{"start":{"line":27,"column":0},"end":{"line":39,"column":3}},"12":{"start":{"line":27,"column":94},"end":{"line":39,"column":2}},"13":{"start":{"line":28,"column":22},"end":{"line":28,"column":42}},"14":{"start":{"line":29,"column":19},"end":{"line":29,"column":73}},"15":{"start":{"line":30,"column":21},"end":{"line":30,"column":48}},"16":{"start":{"line":32,"column":19},"end":{"line":32,"column":74}},"17":{"start":{"line":34,"column":2},"end":{"line":36,"column":3}},"18":{"start":{"line":35,"column":4},"end":{"line":35,"column":88}},"19":{"start":{"line":38,"column":2},"end":{"line":38,"column":null}},"20":{"start":{"line":41,"column":0},"end":{"line":41,"column":22}}},"fnMap":{"0":{"name":"(anonymous_8)","decl":{"start":{"line":15,"column":16},"end":{"line":15,"column":23}},"loc":{"start":{"line":15,"column":63},"end":{"line":22,"column":2}}},"1":{"name":"(anonymous_9)","decl":{"start":{"line":15,"column":63},"end":{"line":15,"column":null}},"loc":{"start":{"line":15,"column":63},"end":{"line":22,"column":1}}},"2":{"name":"(anonymous_10)","decl":{"start":{"line":27,"column":47},"end":{"line":27,"column":54}},"loc":{"start":{"line":27,"column":94},"end":{"line":39,"column":2}}},"3":{"name":"(anonymous_11)","decl":{"start":{"line":27,"column":94},"end":{"line":27,"column":null}},"loc":{"start":{"line":27,"column":94},"end":{"line":39,"column":1}}}},"branchMap":{"0":{"loc":{"start":{"line":17,"column":19},"end":{"line":17,"column":73}},"type":"cond-expr","locations":[{"start":{"line":17,"column":50},"end":{"line":17,"column":58}},{"start":{"line":17,"column":61},"end":{"line":17,"column":73}}]},"1":{"loc":{"start":{"line":29,"column":19},"end":{"line":29,"column":73}},"type":"cond-expr","locations":[{"start":{"line":29,"column":50},"end":{"line":29,"column":58}},{"start":{"line":29,"column":61},"end":{"line":29,"column":73}}]},"2":{"loc":{"start":{"line":34,"column":2},"end":{"line":36,"column":3}},"type":"if","locations":[{"start":{"line":34,"column":2},"end":{"line":36,"column":3}}]}},"s":{"0":1,"1":1,"2":1,"3":1,"4":1,"5":1,"6":0,"7":0,"8":0,"9":0,"10":0,"11":1,"12":0,"13":0,"14":0,"15":0,"16":0,"17":0,"18":0,"19":0,"20":1},"f":{"0":0,"1":0,"2":0,"3":0},"b":{"0":[0,0],"1":[0,0],"2":[0]}}
,"/Users/azeemchauhan/Downloads/Deel/Azeem-Take-Home-assigment/hometask-be-template-master/src/routes/job/index.ts": {"path":"/Users/azeemchauhan/Downloads/Deel/Azeem-Take-Home-assigment/hometask-be-template-master/src/routes/job/index.ts","statementMap":{"0":{"start":{"line":6,"column":0},"end":{"line":6,"column":67}},"1":{"start":{"line":8,"column":0},"end":{"line":8,"column":43}},"2":{"start":{"line":9,"column":0},"end":{"line":9,"column":35}},"3":{"start":{"line":10,"column":0},"end":{"line":10,"column":58}},"4":{"start":{"line":11,"column":0},"end":{"line":11,"column":64}},"5":{"start":{"line":12,"column":0},"end":{"line":12,"column":59}},"6":{"start":{"line":14,"column":15},"end":{"line":14,"column":52}},"7":{"start":{"line":21,"column":0},"end":{"line":28,"column":3}},"8":{"start":{"line":21,"column":69},"end":{"line":28,"column":2}},"9":{"start":{"line":22,"column":22},"end":{"line":22,"column":42}},"10":{"start":{"line":23,"column":19},"end":{"line":23,"column":73}},"11":{"start":{"line":25,"column":21},"end":{"line":25,"column":69}},"12":{"start":{"line":27,"column":2},"end":{"line":27,"column":null}},"13":{"start":{"line":34,"column":0},"end":{"line":60,"column":3}},"14":{"start":{"line":34,"column":127},"end":{"line":60,"column":2}},"15":{"start":{"line":35,"column":22},"end":{"line":35,"column":42}},"16":{"start":{"line":36,"column":16},"end":{"line":36,"column":47}},"17":{"start":{"line":38,"column":19},"end":{"line":38,"column":73}},"18":{"start":{"line":40,"column":2},"end":{"line":40,"column":79}},"19":{"start":{"line":40,"column":33},"end":{"line":40,"column":79}},"20":{"start":{"line":42,"column":20},"end":{"line":42,"column":43}},"21":{"start":{"line":43,"column":20},"end":{"line":43,"column":36}},"22":{"start":{"line":44,"column":23},"end":{"line":44,"column":45}},"23":{"start":{"line":46,"column":2},"end":{"line":46,"column":84}},"24":{"start":{"line":46,"column":18},"end":{"line":46,"column":84}},"25":{"start":{"line":49,"column":2},"end":{"line":59,"column":3}},"26":{"start":{"line":50,"column":4},"end":{"line":50,"column":71}},"27":{"start":{"line":51,"column":4},"end":{"line":51,"column":null}},"28":{"start":{"line":53,"column":4},"end":{"line":53,"column":null}},"29":{"start":{"line":54,"column":4},"end":{"line":58,"column":5}},"30":{"start":{"line":55,"column":6},"end":{"line":55,"column":null}},"31":{"start":{"line":57,"column":6},"end":{"line":57,"column":76}},"32":{"start":{"line":63,"column":0},"end":{"line":63,"column":22}}},"fnMap":{"0":{"name":"(anonymous_8)","decl":{"start":{"line":21,"column":22},"end":{"line":21,"column":29}},"loc":{"start":{"line":21,"column":69},"end":{"line":28,"column":2}}},"1":{"name":"(anonymous_9)","decl":{"start":{"line":21,"column":69},"end":{"line":21,"column":null}},"loc":{"start":{"line":21,"column":69},"end":{"line":28,"column":1}}},"2":{"name":"(anonymous_10)","decl":{"start":{"line":34,"column":60},"end":{"line":34,"column":67}},"loc":{"start":{"line":34,"column":127},"end":{"line":60,"column":2}}},"3":{"name":"(anonymous_11)","decl":{"start":{"line":34,"column":127},"end":{"line":34,"column":null}},"loc":{"start":{"line":34,"column":127},"end":{"line":60,"column":1}}}},"branchMap":{"0":{"loc":{"start":{"line":23,"column":19},"end":{"line":23,"column":73}},"type":"cond-expr","locations":[{"start":{"line":23,"column":50},"end":{"line":23,"column":58}},{"start":{"line":23,"column":61},"end":{"line":23,"column":73}}]},"1":{"loc":{"start":{"line":38,"column":19},"end":{"line":38,"column":73}},"type":"cond-expr","locations":[{"start":{"line":38,"column":50},"end":{"line":38,"column":58}},{"start":{"line":38,"column":61},"end":{"line":38,"column":73}}]},"2":{"loc":{"start":{"line":40,"column":2},"end":{"line":40,"column":79}},"type":"if","locations":[{"start":{"line":40,"column":2},"end":{"line":40,"column":79}}]},"3":{"loc":{"start":{"line":43,"column":20},"end":{"line":43,"column":36}},"type":"cond-expr","locations":[{"start":{"line":43,"column":29},"end":{"line":43,"column":31}},{"start":{"line":43,"column":20},"end":{"line":43,"column":36}}]},"4":{"loc":{"start":{"line":43,"column":20},"end":{"line":43,"column":31}},"type":"binary-expr","locations":[{"start":{"line":43,"column":20},"end":{"line":43,"column":31}},{"start":{"line":43,"column":20},"end":{"line":43,"column":31}}]},"5":{"loc":{"start":{"line":44,"column":23},"end":{"line":44,"column":45}},"type":"cond-expr","locations":[{"start":{"line":44,"column":32},"end":{"line":44,"column":34}},{"start":{"line":44,"column":23},"end":{"line":44,"column":45}}]},"6":{"loc":{"start":{"line":44,"column":23},"end":{"line":44,"column":34}},"type":"binary-expr","locations":[{"start":{"line":44,"column":23},"end":{"line":44,"column":34}},{"start":{"line":44,"column":23},"end":{"line":44,"column":34}}]},"7":{"loc":{"start":{"line":46,"column":2},"end":{"line":46,"column":84}},"type":"if","locations":[{"start":{"line":46,"column":2},"end":{"line":46,"column":84}}]},"8":{"loc":{"start":{"line":54,"column":4},"end":{"line":58,"column":5}},"type":"if","locations":[{"start":{"line":54,"column":4},"end":{"line":58,"column":5}},{"start":{"line":56,"column":11},"end":{"line":58,"column":5}}]}},"s":{"0":1,"1":1,"2":1,"3":1,"4":1,"5":1,"6":1,"7":1,"8":0,"9":0,"10":0,"11":0,"12":0,"13":1,"14":0,"15":0,"16":0,"17":0,"18":0,"19":0,"20":0,"21":0,"22":0,"23":0,"24":0,"25":0,"26":0,"27":0,"28":0,"29":0,"30":0,"31":0,"32":1},"f":{"0":0,"1":0,"2":0,"3":0},"b":{"0":[0,0],"1":[0,0],"2":[0],"3":[0,0],"4":[0,0],"5":[0,0],"6":[0,0],"7":[0],"8":[0,0]}}
,"/Users/azeemchauhan/Downloads/Deel/Azeem-Take-Home-assigment/hometask-be-template-master/src/routes/payment/index.ts": {"path":"/Users/azeemchauhan/Downloads/Deel/Azeem-Take-Home-assigment/hometask-be-template-master/src/routes/payment/index.ts","statementMap":{"0":{"start":{"line":5,"column":0},"end":{"line":5,"column":67}},"1":{"start":{"line":6,"column":0},"end":{"line":6,"column":43}},"2":{"start":{"line":7,"column":0},"end":{"line":7,"column":35}},"3":{"start":{"line":8,"column":0},"end":{"line":8,"column":58}},"4":{"start":{"line":9,"column":0},"end":{"line":9,"column":54}},"5":{"start":{"line":11,"column":15},"end":{"line":11,"column":52}},"6":{"start":{"line":16,"column":0},"end":{"line":37,"column":3}},"7":{"start":{"line":16,"column":131},"end":{"line":37,"column":2}},"8":{"start":{"line":17,"column":22},"end":{"line":17,"column":42}},"9":{"start":{"line":18,"column":24},"end":{"line":18,"column":57}},"10":{"start":{"line":19,"column":19},"end":{"line":19,"column":73}},"11":{"start":{"line":21,"column":2},"end":{"line":21,"column":73}},"12":{"start":{"line":21,"column":33},"end":{"line":21,"column":73}},"13":{"start":{"line":23,"column":2},"end":{"line":36,"column":3}},"14":{"start":{"line":24,"column":4},"end":{"line":24,"column":56}},"15":{"start":{"line":26,"column":4},"end":{"line":28,"column":null}},"16":{"start":{"line":30,"column":4},"end":{"line":30,"column":null}},"17":{"start":{"line":31,"column":4},"end":{"line":35,"column":5}},"18":{"start":{"line":32,"column":6},"end":{"line":32,"column":null}},"19":{"start":{"line":34,"column":6},"end":{"line":34,"column":80}},"20":{"start":{"line":40,"column":0},"end":{"line":40,"column":22}}},"fnMap":{"0":{"name":"(anonymous_8)","decl":{"start":{"line":16,"column":64},"end":{"line":16,"column":71}},"loc":{"start":{"line":16,"column":131},"end":{"line":37,"column":2}}},"1":{"name":"(anonymous_9)","decl":{"start":{"line":16,"column":131},"end":{"line":16,"column":null}},"loc":{"start":{"line":16,"column":131},"end":{"line":37,"column":1}}}},"branchMap":{"0":{"loc":{"start":{"line":19,"column":19},"end":{"line":19,"column":73}},"type":"cond-expr","locations":[{"start":{"line":19,"column":50},"end":{"line":19,"column":58}},{"start":{"line":19,"column":61},"end":{"line":19,"column":73}}]},"1":{"loc":{"start":{"line":21,"column":2},"end":{"line":21,"column":73}},"type":"if","locations":[{"start":{"line":21,"column":2},"end":{"line":21,"column":73}}]},"2":{"loc":{"start":{"line":31,"column":4},"end":{"line":35,"column":5}},"type":"if","locations":[{"start":{"line":31,"column":4},"end":{"line":35,"column":5}},{"start":{"line":33,"column":11},"end":{"line":35,"column":5}}]}},"s":{"0":1,"1":1,"2":1,"3":1,"4":1,"5":1,"6":1,"7":0,"8":0,"9":0,"10":0,"11":0,"12":0,"13":0,"14":0,"15":0,"16":0,"17":0,"18":0,"19":0,"20":1},"f":{"0":0,"1":0},"b":{"0":[0,0],"1":[0],"2":[0,0]}}
,"/Users/azeemchauhan/Downloads/Deel/Azeem-Take-Home-assigment/hometask-be-template-master/src/utils/appError.ts": {"path":"/Users/azeemchauhan/Downloads/Deel/Azeem-Take-Home-assigment/hometask-be-template-master/src/utils/appError.ts","statementMap":{"0":{"start":{"line":7,"column":4},"end":{"line":7,"column":19}},"1":{"start":{"line":8,"column":4},"end":{"line":8,"column":33}},"2":{"start":{"line":9,"column":4},"end":{"line":9,"column":69}},"3":{"start":{"line":10,"column":4},"end":{"line":10,"column":30}},"4":{"start":{"line":11,"column":4},"end":{"line":11,"column":52}},"5":{"start":{"line":15,"column":9},"end":{"line":15,"column":17}}},"fnMap":{"0":{"name":"(anonymous_0)","decl":{"start":{"line":6,"column":2},"end":{"line":6,"column":14}},"loc":{"start":{"line":6,"column":49},"end":{"line":12,"column":3}}}},"branchMap":{"0":{"loc":{"start":{"line":9,"column":18},"end":{"line":9,"column":68}},"type":"cond-expr","locations":[{"start":{"line":9,"column":52},"end":{"line":9,"column":58}},{"start":{"line":9,"column":61},"end":{"line":9,"column":68}}]}},"s":{"0":0,"1":0,"2":0,"3":0,"4":0,"5":1},"f":{"0":0},"b":{"0":[0,0]}}
,"/Users/azeemchauhan/Downloads/Deel/Azeem-Take-Home-assigment/hometask-be-template-master/src/utils/guards.ts": {"path":"/Users/azeemchauhan/Downloads/Deel/Azeem-Take-Home-assigment/hometask-be-template-master/src/utils/guards.ts","statementMap":{"0":{"start":{"line":6,"column":22},"end":{"line":17,"column":1}},"1":{"start":{"line":8,"column":2},"end":{"line":8,"column":42}},"2":{"start":{"line":8,"column":29},"end":{"line":8,"column":42}},"3":{"start":{"line":10,"column":2},"end":{"line":14,"column":3}},"4":{"start":{"line":11,"column":17},"end":{"line":11,"column":32}},"5":{"start":{"line":12,"column":4},"end":{"line":12,"column":43}},"6":{"start":{"line":12,"column":31},"end":{"line":12,"column":43}},"7":{"start":{"line":13,"column":4},"end":{"line":13,"column":16}},"8":{"start":{"line":16,"column":2},"end":{"line":16,"column":14}},"9":{"start":{"line":20,"column":9},"end":{"line":20,"column":22}}},"fnMap":{"0":{"name":"(anonymous_0)","decl":{"start":{"line":6,"column":22},"end":{"line":6,"column":23}},"loc":{"start":{"line":6,"column":109},"end":{"line":17,"column":1}}}},"branchMap":{"0":{"loc":{"start":{"line":8,"column":2},"end":{"line":8,"column":42}},"type":"if","locations":[{"start":{"line":8,"column":2},"end":{"line":8,"column":42}}]},"1":{"loc":{"start":{"line":10,"column":2},"end":{"line":14,"column":3}},"type":"if","locations":[{"start":{"line":10,"column":2},"end":{"line":14,"column":3}}]},"2":{"loc":{"start":{"line":12,"column":4},"end":{"line":12,"column":43}},"type":"if","locations":[{"start":{"line":12,"column":4},"end":{"line":12,"column":43}}]}},"s":{"0":1,"1":0,"2":0,"3":0,"4":0,"5":0,"6":0,"7":0,"8":0,"9":1},"f":{"0":0},"b":{"0":[0],"1":[0],"2":[0]}}
,"/Users/azeemchauhan/Downloads/Deel/Azeem-Take-Home-assigment/hometask-be-template-master/src/utils/logger.ts": {"path":"/Users/azeemchauhan/Downloads/Deel/Azeem-Take-Home-assigment/hometask-be-template-master/src/utils/logger.ts","statementMap":{"0":{"start":{"line":1,"column":0},"end":{"line":1,"column":30}},"1":{"start":{"line":3,"column":0},"end":{"line":7,"column":3}}},"fnMap":{},"branchMap":{},"s":{"0":1,"1":1},"f":{},"b":{}}
,"/Users/azeemchauhan/Downloads/Deel/Azeem-Take-Home-assigment/hometask-be-template-master/src/utils/validations.ts": {"path":"/Users/azeemchauhan/Downloads/Deel/Azeem-Take-Home-assigment/hometask-be-template-master/src/utils/validations.ts","statementMap":{"0":{"start":{"line":2,"column":0},"end":{"line":2,"column":49}},"1":{"start":{"line":3,"column":0},"end":{"line":3,"column":38}},"2":{"start":{"line":6,"column":24},"end":{"line":21,"column":1}},"3":{"start":{"line":7,"column":21},"end":{"line":7,"column":54}},"4":{"start":{"line":9,"column":2},"end":{"line":20,"column":null}},"5":{"start":{"line":10,"column":4},"end":{"line":19,"column":9}},"6":{"start":{"line":11,"column":47},"end":{"line":19,"column":8}},"7":{"start":{"line":12,"column":28},"end":{"line":12,"column":43}},"8":{"start":{"line":13,"column":8},"end":{"line":16,"column":9}},"9":{"start":{"line":14,"column":26},"end":{"line":14,"column":61}},"10":{"start":{"line":15,"column":10},"end":{"line":15,"column":43}},"11":{"start":{"line":18,"column":8},"end":{"line":18,"column":27}},"12":{"start":{"line":23,"column":27},"end":{"line":36,"column":1}},"13":{"start":{"line":24,"column":2},"end":{"line":35,"column":7}},"14":{"start":{"line":27,"column":40},"end":{"line":35,"column":6}},"15":{"start":{"line":28,"column":19},"end":{"line":28,"column":39}},"16":{"start":{"line":29,"column":6},"end":{"line":32,"column":7}},"17":{"start":{"line":30,"column":24},"end":{"line":30,"column":57}},"18":{"start":{"line":31,"column":8},"end":{"line":31,"column":41}},"19":{"start":{"line":34,"column":6},"end":{"line":34,"column":18}},"20":{"start":{"line":43,"column":2},"end":{"line":43,"column":20}},"21":{"start":{"line":37,"column":29},"end":{"line":37,"column":54}},"22":{"start":{"line":41,"column":2},"end":{"line":41,"column":22}},"23":{"start":{"line":38,"column":29},"end":{"line":38,"column":53}},"24":{"start":{"line":42,"column":2},"end":{"line":42,"column":22}}},"fnMap":{"0":{"name":"(anonymous_7)","decl":{"start":{"line":6,"column":24},"end":{"line":6,"column":25}},"loc":{"start":{"line":6,"column":41},"end":{"line":21,"column":1}}},"1":{"name":"(anonymous_8)","decl":{"start":{"line":9,"column":9},"end":{"line":9,"column":10}},"loc":{"start":{"line":9,"column":31},"end":{"line":20,"column":3}}},"2":{"name":"(anonymous_9)","decl":{"start":{"line":11,"column":23},"end":{"line":11,"column":30}},"loc":{"start":{"line":11,"column":47},"end":{"line":19,"column":8}}},"3":{"name":"(anonymous_10)","decl":{"start":{"line":11,"column":47},"end":{"line":11,"column":null}},"loc":{"start":{"line":11,"column":47},"end":{"line":19,"column":7}}},"4":{"name":"(anonymous_11)","decl":{"start":{"line":23,"column":27},"end":{"line":23,"column":28}},"loc":{"start":{"line":23,"column":45},"end":{"line":36,"column":1}}},"5":{"name":"(anonymous_12)","decl":{"start":{"line":27,"column":21},"end":{"line":27,"column":27}},"loc":{"start":{"line":27,"column":40},"end":{"line":35,"column":6}}},"6":{"name":"(anonymous_13)","decl":{"start":{"line":27,"column":40},"end":{"line":27,"column":null}},"loc":{"start":{"line":27,"column":40},"end":{"line":35,"column":5}}}},"branchMap":{"0":{"loc":{"start":{"line":7,"column":21},"end":{"line":7,"column":54}},"type":"cond-expr","locations":[{"start":{"line":7,"column":41},"end":{"line":7,"column":46}},{"start":{"line":7,"column":49},"end":{"line":7,"column":54}}]},"1":{"loc":{"start":{"line":13,"column":8},"end":{"line":16,"column":9}},"type":"if","locations":[{"start":{"line":13,"column":8},"end":{"line":16,"column":9}}]},"2":{"loc":{"start":{"line":29,"column":6},"end":{"line":32,"column":7}},"type":"if","locations":[{"start":{"line":29,"column":6},"end":{"line":32,"column":7}}]}},"s":{"0":1,"1":1,"2":1,"3":2,"4":2,"5":4,"6":0,"7":0,"8":0,"9":0,"10":0,"11":0,"12":1,"13":4,"14":0,"15":0,"16":0,"17":0,"18":0,"19":0,"20":1,"21":1,"22":1,"23":1,"24":1},"f":{"0":2,"1":4,"2":0,"3":0,"4":4,"5":0,"6":0},"b":{"0":[1,1],"1":[0],"2":[0]}}
}
